{
  "stats": {
    "suites": 1,
    "tests": 3,
    "passes": 0,
    "pending": 3,
    "failures": 0,
    "start": "2020-07-27T16:18:29.961Z",
    "end": "2020-07-27T16:18:33.816Z",
    "duration": 3855,
    "testsRegistered": 3,
    "passPercent": null,
    "pendingPercent": 100,
    "other": 0,
    "hasOther": false,
    "skipped": 0,
    "hasSkipped": false
  },
  "results": [
    {
      "uuid": "1c34ce10-d4c8-42ea-94f0-81b2d4081d0f",
      "title": "",
      "fullFile": "cypress/integration/e2e/cameras.spec.js",
      "file": "cypress/integration/e2e/cameras.spec.js",
      "beforeHooks": [],
      "afterHooks": [],
      "tests": [],
      "suites": [
        {
          "uuid": "69cec65c-432c-472a-b542-c30d9e007d3c",
          "title": "Testing cameras on map and video streaming",
          "fullFile": "",
          "file": "",
          "beforeHooks": [],
          "afterHooks": [],
          "tests": [
            {
              "title": "Trying to identify the camera icon on map",
              "fullTitle": "Testing cameras on map and video streaming Trying to identify the camera icon on map",
              "timedOut": null,
              "duration": 0,
              "state": "pending",
              "speed": null,
              "pass": false,
              "fail": false,
              "pending": true,
              "context": null,
              "code": "",
              "err": {},
              "uuid": "33564a25-887d-495f-aa9e-f19d1b0d87db",
              "parentUUID": "69cec65c-432c-472a-b542-c30d9e007d3c",
              "isHook": false,
              "skipped": false
            },
            {
              "title": "Testing video streaming on camera at DevIQ Headquarters",
              "fullTitle": "Testing cameras on map and video streaming Testing video streaming on camera at DevIQ Headquarters",
              "timedOut": null,
              "duration": 0,
              "state": "pending",
              "speed": null,
              "pass": false,
              "fail": false,
              "pending": true,
              "context": null,
              "code": "",
              "err": {},
              "uuid": "15366891-1d16-47de-aebe-cfe798ced456",
              "parentUUID": "69cec65c-432c-472a-b542-c30d9e007d3c",
              "isHook": false,
              "skipped": false
            },
            {
              "title": "If user has no streaming permissions, then he cannot see camera icons or start video streaming using API",
              "fullTitle": "Testing cameras on map and video streaming If user has no streaming permissions, then he cannot see camera icons or start video streaming using API",
              "timedOut": null,
              "duration": 0,
              "state": "pending",
              "speed": null,
              "pass": false,
              "fail": false,
              "pending": true,
              "context": null,
              "code": "",
              "err": {},
              "uuid": "2d94b211-f1d5-4723-827d-9bffcd086bb3",
              "parentUUID": "69cec65c-432c-472a-b542-c30d9e007d3c",
              "isHook": false,
              "skipped": false
            }
          ],
          "suites": [],
          "passes": [],
          "failures": [],
          "pending": [
            "33564a25-887d-495f-aa9e-f19d1b0d87db",
            "15366891-1d16-47de-aebe-cfe798ced456",
            "2d94b211-f1d5-4723-827d-9bffcd086bb3"
          ],
          "skipped": [],
          "duration": 0,
          "root": false,
          "rootEmpty": false,
          "_timeout": 2000
        }
      ],
      "passes": [],
      "failures": [],
      "pending": [],
      "skipped": [],
      "duration": 0,
      "root": true,
      "rootEmpty": true,
      "_timeout": 2000
    }
  ],
  "meta": {
    "mocha": {
      "version": "7.0.1"
    },
    "mochawesome": {
      "options": {
        "quiet": true,
        "reportFilename": "mochawesome",
        "saveHtml": false,
        "saveJson": true,
        "consoleReporter": "spec",
        "useInlineDiffs": false
      },
      "version": "4.1.0"
    },
    "marge": {
      "options": {
        "id": "default",
        "reportDir": "cypress/reports/mocha",
        "quiet": true,
        "overwrite": false,
        "html": false,
        "json": true
      },
      "version": "4.1.0"
    }
  }
}