{
  "stats": {
    "suites": 1,
    "tests": 2,
    "passes": 1,
    "pending": 0,
    "failures": 1,
    "start": "2020-08-06T19:38:45.004Z",
    "end": "2020-08-06T19:38:49.874Z",
    "duration": 4870,
    "testsRegistered": 2,
    "passPercent": 50,
    "pendingPercent": 0,
    "other": 0,
    "hasOther": false,
    "skipped": 0,
    "hasSkipped": false
  },
  "results": [
    {
      "uuid": "ac91f6c1-5202-418f-96c7-6624cdd5cd0d",
      "title": "",
      "fullFile": "cypress/integration/Classifications.feature",
      "file": "cypress/integration/Classifications.feature",
      "beforeHooks": [],
      "afterHooks": [],
      "tests": [],
      "suites": [
        {
          "uuid": "1280d2be-eeca-4916-920f-b75d38840d74",
          "title": "Get parent and children classifications",
          "fullFile": "",
          "file": "",
          "beforeHooks": [],
          "afterHooks": [],
          "tests": [
            {
              "title": "Get the classifications grouped by children for MasterForm 2018",
              "fullTitle": "Get parent and children classifications Get the classifications grouped by children for MasterForm 2018",
              "timedOut": null,
              "duration": 3755,
              "state": "passed",
              "speed": "slow",
              "pass": true,
              "fail": false,
              "pending": false,
              "context": null,
              "code": "const state = window.testState;\nreturn cy\n  .then(() => state.onStartScenario(scenario, indexedSteps))\n  .then(() =>\n    resolveAndRunBeforeHooks.call(this, scenario.tags, state.feature.name)\n  )\n  .then(() =>\n    indexedSteps.forEach(step =>\n      stepTest.call(this, state, step, rowData)\n    )\n  )\n  .then(() =>\n    resolveAndRunAfterHooks.call(this, scenario.tags, state.feature.name)\n  )\n  .then(() => state.onFinishScenario(scenario));",
              "err": {},
              "uuid": "6a13e179-e0e2-41a1-b355-9cfb5382c3c3",
              "parentUUID": "1280d2be-eeca-4916-920f-b75d38840d74",
              "isHook": false,
              "skipped": false
            },
            {
              "title": "Validate the server response when quering for non-existing child classifications",
              "fullTitle": "Get parent and children classifications Validate the server response when quering for non-existing child classifications",
              "timedOut": null,
              "duration": 633,
              "state": "failed",
              "speed": null,
              "pass": false,
              "fail": true,
              "pending": false,
              "context": null,
              "code": "const state = window.testState;\nreturn cy\n  .then(() => state.onStartScenario(scenario, indexedSteps))\n  .then(() =>\n    resolveAndRunBeforeHooks.call(this, scenario.tags, state.feature.name)\n  )\n  .then(() =>\n    indexedSteps.forEach(step =>\n      stepTest.call(this, state, step, rowData)\n    )\n  )\n  .then(() =>\n    resolveAndRunAfterHooks.call(this, scenario.tags, state.feature.name)\n  )\n  .then(() => state.onFinishScenario(scenario));",
              "err": {
                "message": "TypeError: Cannot read property 'forEach' of null",
                "estack": "TypeError: Cannot read property 'forEach' of null\n    at Context.eval (http://localhost:32921/__cypress/tests?p=cypress/integration/Classifications.feature:135:19)\n    at Context.resolveAndRunStepDefinition (http://localhost:32921/__cypress/tests?p=cypress/integration/Classifications.feature:10509:9)\n    at Context.eval (http://localhost:32921/__cypress/tests?p=cypress/integration/Classifications.feature:9851:35)",
                "diff": null
              },
              "uuid": "7b8c2c03-b60a-4866-b86d-24d75e7bde6e",
              "parentUUID": "1280d2be-eeca-4916-920f-b75d38840d74",
              "isHook": false,
              "skipped": false
            }
          ],
          "suites": [],
          "passes": [
            "6a13e179-e0e2-41a1-b355-9cfb5382c3c3"
          ],
          "failures": [
            "7b8c2c03-b60a-4866-b86d-24d75e7bde6e"
          ],
          "pending": [],
          "skipped": [],
          "duration": 4388,
          "root": false,
          "rootEmpty": false,
          "_timeout": 2000
        }
      ],
      "passes": [],
      "failures": [],
      "pending": [],
      "skipped": [],
      "duration": 0,
      "root": true,
      "rootEmpty": true,
      "_timeout": 2000
    }
  ],
  "meta": {
    "mocha": {
      "version": "7.0.1"
    },
    "mochawesome": {
      "options": {
        "quiet": true,
        "reportFilename": "mochawesome",
        "saveHtml": false,
        "saveJson": true,
        "consoleReporter": "spec",
        "useInlineDiffs": false
      },
      "version": "4.1.0"
    },
    "marge": {
      "options": {
        "id": "default",
        "reportDir": "cypress/reports/mocha",
        "quiet": true,
        "overwrite": false,
        "html": false,
        "json": true
      },
      "version": "4.1.0"
    }
  }
}