{
  "stats": {
    "suites": 1,
    "tests": 2,
    "passes": 2,
    "pending": 0,
    "failures": 0,
    "start": "2020-08-06T18:21:33.044Z",
    "end": "2020-08-06T18:21:38.222Z",
    "duration": 5178,
    "testsRegistered": 2,
    "passPercent": 100,
    "pendingPercent": 0,
    "other": 0,
    "hasOther": false,
    "skipped": 0,
    "hasSkipped": false
  },
  "results": [
    {
      "uuid": "55fc1ecb-299e-49ce-84d0-0bc4a9556fc1",
      "title": "",
      "fullFile": "cypress/integration/Classifications.feature",
      "file": "cypress/integration/Classifications.feature",
      "beforeHooks": [],
      "afterHooks": [],
      "tests": [],
      "suites": [
        {
          "uuid": "ac695538-247f-43dc-a4a0-e6262d021c80",
          "title": "Get parent and children classifications",
          "fullFile": "",
          "file": "",
          "beforeHooks": [],
          "afterHooks": [],
          "tests": [
            {
              "title": "Get the classifications grouped by children for MasterForm 2018",
              "fullTitle": "Get parent and children classifications Get the classifications grouped by children for MasterForm 2018",
              "timedOut": null,
              "duration": 3587,
              "state": "passed",
              "speed": "slow",
              "pass": true,
              "fail": false,
              "pending": false,
              "context": null,
              "code": "const state = window.testState;\nreturn cy\n  .then(() => state.onStartScenario(scenario, indexedSteps))\n  .then(() =>\n    resolveAndRunBeforeHooks.call(this, scenario.tags, state.feature.name)\n  )\n  .then(() =>\n    indexedSteps.forEach(step =>\n      stepTest.call(this, state, step, rowData)\n    )\n  )\n  .then(() =>\n    resolveAndRunAfterHooks.call(this, scenario.tags, state.feature.name)\n  )\n  .then(() => state.onFinishScenario(scenario));",
              "err": {},
              "uuid": "9d6caed6-2c1b-4c84-a472-800fde336550",
              "parentUUID": "ac695538-247f-43dc-a4a0-e6262d021c80",
              "isHook": false,
              "skipped": false
            },
            {
              "title": "Validate the server response when quering for non-existing child classifications",
              "fullTitle": "Get parent and children classifications Validate the server response when quering for non-existing child classifications",
              "timedOut": null,
              "duration": 1182,
              "state": "passed",
              "speed": "slow",
              "pass": true,
              "fail": false,
              "pending": false,
              "context": null,
              "code": "const state = window.testState;\nreturn cy\n  .then(() => state.onStartScenario(scenario, indexedSteps))\n  .then(() =>\n    resolveAndRunBeforeHooks.call(this, scenario.tags, state.feature.name)\n  )\n  .then(() =>\n    indexedSteps.forEach(step =>\n      stepTest.call(this, state, step, rowData)\n    )\n  )\n  .then(() =>\n    resolveAndRunAfterHooks.call(this, scenario.tags, state.feature.name)\n  )\n  .then(() => state.onFinishScenario(scenario));",
              "err": {},
              "uuid": "2adc8b07-1718-4b3d-b034-b08a38b8d3e4",
              "parentUUID": "ac695538-247f-43dc-a4a0-e6262d021c80",
              "isHook": false,
              "skipped": false
            }
          ],
          "suites": [],
          "passes": [
            "9d6caed6-2c1b-4c84-a472-800fde336550",
            "2adc8b07-1718-4b3d-b034-b08a38b8d3e4"
          ],
          "failures": [],
          "pending": [],
          "skipped": [],
          "duration": 4769,
          "root": false,
          "rootEmpty": false,
          "_timeout": 2000
        }
      ],
      "passes": [],
      "failures": [],
      "pending": [],
      "skipped": [],
      "duration": 0,
      "root": true,
      "rootEmpty": true,
      "_timeout": 2000
    }
  ],
  "meta": {
    "mocha": {
      "version": "7.0.1"
    },
    "mochawesome": {
      "options": {
        "quiet": true,
        "reportFilename": "mochawesome",
        "saveHtml": false,
        "saveJson": true,
        "consoleReporter": "spec",
        "useInlineDiffs": false
      },
      "version": "4.1.0"
    },
    "marge": {
      "options": {
        "id": "default",
        "reportDir": "cypress/reports/mocha",
        "quiet": true,
        "overwrite": false,
        "html": false,
        "json": true
      },
      "version": "4.1.0"
    }
  }
}